Performing C SOURCE FILE Test CMAKE_HAVE_LIBC_PTHREAD failed with the following output:
Change Dir: /home/sonichka/Documents/here_we_go_again/c-1/c-iz1-spring/build/CMakeFiles/CMakeTmp

Run Build Command(s):/usr/bin/make cmTC_22d29/fast && /usr/bin/make -f CMakeFiles/cmTC_22d29.dir/build.make CMakeFiles/cmTC_22d29.dir/build
make[1]: Entering directory '/home/sonichka/Documents/here_we_go_again/c-1/c-iz1-spring/build/CMakeFiles/CMakeTmp'
Building C object CMakeFiles/cmTC_22d29.dir/src.c.o
/usr/bin/cc   --coverage -DCMAKE_HAVE_LIBC_PTHREAD   -std=gnu99 -o CMakeFiles/cmTC_22d29.dir/src.c.o   -c /home/sonichka/Documents/here_we_go_again/c-1/c-iz1-spring/build/CMakeFiles/CMakeTmp/src.c
Linking C executable cmTC_22d29
/usr/bin/cmake -E cmake_link_script CMakeFiles/cmTC_22d29.dir/link.txt --verbose=1
/usr/bin/cc --coverage -DCMAKE_HAVE_LIBC_PTHREAD    CMakeFiles/cmTC_22d29.dir/src.c.o  -o cmTC_22d29 
/usr/bin/ld: CMakeFiles/cmTC_22d29.dir/src.c.o: in function `main':
src.c:(.text+0x6a): undefined reference to `pthread_create'
/usr/bin/ld: src.c:(.text+0x88): undefined reference to `pthread_detach'
/usr/bin/ld: src.c:(.text+0xab): undefined reference to `pthread_join'
collect2: error: ld returned 1 exit status
make[1]: *** [CMakeFiles/cmTC_22d29.dir/build.make:87: cmTC_22d29] Error 1
make[1]: Leaving directory '/home/sonichka/Documents/here_we_go_again/c-1/c-iz1-spring/build/CMakeFiles/CMakeTmp'
make: *** [Makefile:121: cmTC_22d29/fast] Error 2


Source file was:
#include <pthread.h>

void* test_func(void* data)
{
  return data;
}

int main(void)
{
  pthread_t thread;
  pthread_create(&thread, NULL, test_func, NULL);
  pthread_detach(thread);
  pthread_join(thread, NULL);
  pthread_atfork(NULL, NULL, NULL);
  pthread_exit(NULL);

  return 0;
}

Determining if the function pthread_create exists in the pthreads failed with the following output:
Change Dir: /home/sonichka/Documents/here_we_go_again/c-1/c-iz1-spring/build/CMakeFiles/CMakeTmp

Run Build Command(s):/usr/bin/make cmTC_5d0c5/fast && /usr/bin/make -f CMakeFiles/cmTC_5d0c5.dir/build.make CMakeFiles/cmTC_5d0c5.dir/build
make[1]: Entering directory '/home/sonichka/Documents/here_we_go_again/c-1/c-iz1-spring/build/CMakeFiles/CMakeTmp'
Building C object CMakeFiles/cmTC_5d0c5.dir/CheckFunctionExists.c.o
/usr/bin/cc   --coverage -DCHECK_FUNCTION_EXISTS=pthread_create   -std=gnu99 -o CMakeFiles/cmTC_5d0c5.dir/CheckFunctionExists.c.o   -c /usr/share/cmake-3.16/Modules/CheckFunctionExists.c
Linking C executable cmTC_5d0c5
/usr/bin/cmake -E cmake_link_script CMakeFiles/cmTC_5d0c5.dir/link.txt --verbose=1
/usr/bin/cc --coverage -DCHECK_FUNCTION_EXISTS=pthread_create    CMakeFiles/cmTC_5d0c5.dir/CheckFunctionExists.c.o  -o cmTC_5d0c5  -lpthreads 
/usr/bin/ld: cannot find -lpthreads
collect2: error: ld returned 1 exit status
make[1]: *** [CMakeFiles/cmTC_5d0c5.dir/build.make:87: cmTC_5d0c5] Error 1
make[1]: Leaving directory '/home/sonichka/Documents/here_we_go_again/c-1/c-iz1-spring/build/CMakeFiles/CMakeTmp'
make: *** [Makefile:121: cmTC_5d0c5/fast] Error 2



